DUNFIELD 8051 ASSEMBLER: RAHEJA~1                                     PAGE: 1

0000                         1        ORG 0000H 
0000  02 00 50               2        LJMP MAIN
0050                         3        ORG 0050H
0050  75 A8 82               4  MAIN: MOV IE,#82H
0053  75 89 01               5        MOV TMOD,#01H
0056  7D 0A                  6        MOV R5,#0AH
0058  75 8C 1E               7        MOV TH0,#1EH
005B  75 8A FD               8        MOV TL0,#0FDH
005E  75 88 01               9        MOV TCON,#0001H
0061  80 FE                 10  HERE: SJMP HERE
000B                        11        ORG 000BH
000B  B2 96                 12        CPL P1.6
000D  DD 0D                 13        DJNZ R5,ABCD
000F  B2 92                 14  XYZ:  CPL P1.2
0011  75 8C 1E              15        MOV TH0,#1EH 
0014  75 8A FD              16        MOV TL0,#0FDH
0017  7D 0A                 17        MOV R5,#0AH
0019  B2 96                 18        CPL P1.6
001B  32                    19        RETI
001C  75 8C 1E              20  ABCD: MOV TH0,#1EH 
001F  75 8A FD              21        MOV TL0,#0FDH
0022  B2 96                 22        CPL P1.6
0024  32                    23        RETI
